TN:
SF:src\components\TokenList.tsx
FN:10,(anonymous_0)
FN:11,(anonymous_1)
FN:14,(anonymous_2)
FN:37,(anonymous_3)
FNF:4
FNH:0
FNDA:0,(anonymous_0)
FNDA:0,(anonymous_1)
FNDA:0,(anonymous_2)
FNDA:0,(anonymous_3)
DA:10,0
DA:11,0
DA:12,0
DA:14,0
DA:33,0
DA:37,0
DA:43,0
LF:7
LH:0
BRDA:24,0,0,0
BRDA:24,0,1,0
BRF:2
BRH:0
end_of_record
TN:
SF:src\screens\AddTokenScreen.tsx
FN:14,(anonymous_0)
FN:23,(anonymous_1)
FN:31,(anonymous_2)
FN:58,(anonymous_3)
FN:70,(anonymous_4)
FNF:5
FNH:0
FNDA:0,(anonymous_0)
FNDA:0,(anonymous_1)
FNDA:0,(anonymous_2)
FNDA:0,(anonymous_3)
FNDA:0,(anonymous_4)
DA:14,0
DA:15,0
DA:16,0
DA:17,0
DA:23,0
DA:24,0
DA:25,0
DA:26,0
DA:28,0
DA:31,0
DA:32,0
DA:33,0
DA:35,0
DA:36,0
DA:37,0
DA:38,0
DA:39,0
DA:40,0
DA:41,0
DA:42,0
DA:50,0
DA:51,0
DA:53,0
DA:58,0
DA:59,0
DA:61,0
DA:62,0
DA:63,0
DA:64,0
DA:66,0
DA:67,0
DA:70,0
DA:73,0
DA:76,0
DA:77,0
DA:79,0
DA:83,0
DA:120,0
LF:38
LH:0
BRDA:24,0,0,0
BRDA:24,0,1,0
BRDA:35,1,0,0
BRDA:35,1,1,0
BRDA:38,2,0,0
BRDA:38,2,1,0
BRDA:41,3,0,0
BRDA:41,3,1,0
BRDA:59,4,0,0
BRDA:59,4,1,0
BRDA:66,5,0,0
BRDA:66,5,1,0
BRDA:94,6,0,0
BRDA:94,6,1,0
BRDA:98,7,0,0
BRDA:98,7,1,0
BRDA:108,8,0,0
BRDA:108,8,1,0
BRDA:110,9,0,0
BRDA:110,9,1,0
BRF:20
BRH:0
end_of_record
TN:
SF:src\screens\HomeScreen.tsx
FN:10,(anonymous_0)
FN:13,(anonymous_1)
FN:17,(anonymous_2)
FN:23,(anonymous_3)
FN:27,(anonymous_4)
FNF:5
FNH:0
FNDA:0,(anonymous_0)
FNDA:0,(anonymous_1)
FNDA:0,(anonymous_2)
FNDA:0,(anonymous_3)
FNDA:0,(anonymous_4)
DA:8,0
DA:10,0
DA:11,0
DA:13,0
DA:14,0
DA:17,0
DA:18,0
DA:19,0
DA:20,0
DA:23,0
DA:24,0
DA:27,0
DA:28,0
DA:31,0
DA:50,0
LF:15
LH:0
BRF:0
BRH:0
end_of_record
TN:
SF:src\screens\SendTokenScreen.tsx
FN:26,(anonymous_0)
FN:33,(anonymous_1)
FN:39,(anonymous_2)
FN:45,(anonymous_3)
FN:66,(anonymous_4)
FN:76,(anonymous_5)
FNF:6
FNH:0
FNDA:0,(anonymous_0)
FNDA:0,(anonymous_1)
FNDA:0,(anonymous_2)
FNDA:0,(anonymous_3)
FNDA:0,(anonymous_4)
FNDA:0,(anonymous_5)
DA:26,0
DA:27,0
DA:28,0
DA:29,0
DA:30,0
DA:31,0
DA:33,0
DA:34,0
DA:35,0
DA:39,0
DA:42,0
DA:45,0
DA:46,0
DA:47,0
DA:48,0
DA:51,0
DA:52,0
DA:53,0
DA:54,0
DA:57,0
DA:58,0
DA:59,0
DA:60,0
DA:63,0
DA:66,0
DA:67,0
DA:69,0
DA:70,0
DA:73,0
DA:76,0
DA:79,0
DA:80,0
DA:82,0
DA:86,0
DA:159,0
LF:35
LH:0
BRDA:34,0,0,0
BRDA:34,0,1,0
BRDA:34,1,0,0
BRDA:34,1,1,0
BRDA:46,2,0,0
BRDA:46,2,1,0
BRDA:52,3,0,0
BRDA:52,3,1,0
BRDA:52,4,0,0
BRDA:52,4,1,0
BRDA:58,5,0,0
BRDA:58,5,1,0
BRDA:67,6,0,0
BRDA:67,6,1,0
BRDA:89,7,0,0
BRDA:89,7,1,0
BRDA:123,8,0,0
BRDA:123,8,1,0
BRDA:123,8,2,0
BRDA:123,8,3,0
BRDA:131,9,0,0
BRDA:131,9,1,0
BRDA:143,10,0,0
BRDA:143,10,1,0
BRDA:147,11,0,0
BRDA:147,11,1,0
BRF:26
BRH:0
end_of_record
TN:
SF:src\screens\TokenDetailsScreen.tsx
FN:22,(anonymous_0)
FN:27,(anonymous_1)
FN:31,(anonymous_2)
FN:37,(anonymous_3)
FN:43,(anonymous_4)
FN:47,(anonymous_5)
FN:59,(anonymous_6)
FN:134,(anonymous_7)
FNF:8
FNH:0
FNDA:0,(anonymous_0)
FNDA:0,(anonymous_1)
FNDA:0,(anonymous_2)
FNDA:0,(anonymous_3)
FNDA:0,(anonymous_4)
FNDA:0,(anonymous_5)
FNDA:0,(anonymous_6)
FNDA:0,(anonymous_7)
DA:22,0
DA:23,0
DA:24,0
DA:25,0
DA:27,0
DA:28,0
DA:31,0
DA:34,0
DA:37,0
DA:38,0
DA:39,0
DA:40,0
DA:43,0
DA:44,0
DA:47,0
DA:48,0
DA:62,0
DA:69,0
DA:135,0
DA:145,0
LF:20
LH:0
BRDA:98,0,0,0
BRDA:98,0,1,0
BRDA:129,1,0,0
BRDA:129,1,1,0
BRF:4
BRH:0
end_of_record
TN:
SF:src\services\PriceService.ts
FN:12,(anonymous_0)
FN:14,(anonymous_1)
FN:21,(anonymous_2)
FN:54,(anonymous_3)
FN:90,(anonymous_4)
FNF:5
FNH:5
FNDA:1,(anonymous_0)
FNDA:5,(anonymous_1)
FNDA:4,(anonymous_2)
FNDA:2,(anonymous_3)
FNDA:5,(anonymous_4)
DA:9,1
DA:10,1
DA:15,5
DA:16,1
DA:18,5
DA:23,4
DA:24,4
DA:25,1
DA:28,3
DA:30,3
DA:34,2
DA:35,0
DA:38,2
DA:39,2
DA:42,2
DA:47,2
DA:49,1
DA:50,1
DA:55,2
DA:57,2
DA:58,2
DA:59,2
DA:63,1
DA:64,0
DA:67,1
DA:69,1
DA:70,2
DA:71,2
DA:74,2
DA:80,1
DA:82,1
DA:83,2
DA:87,2
DA:91,5
LF:34
LH:32
BRDA:15,0,0,1
BRDA:15,0,1,4
BRDA:24,1,0,1
BRDA:24,1,1,3
BRDA:24,2,0,4
BRDA:24,2,1,1
BRDA:34,3,0,0
BRDA:34,3,1,2
BRDA:39,4,0,2
BRDA:39,4,1,0
BRDA:63,5,0,0
BRDA:63,5,1,1
BRDA:70,6,0,2
BRDA:70,6,1,0
BRF:14
BRH:10
end_of_record
TN:
SF:src\services\WalletService.ts
FN:15,(anonymous_0)
FN:17,(anonymous_1)
FN:22,(anonymous_2)
FN:29,(anonymous_3)
FN:55,(anonymous_4)
FN:84,(anonymous_5)
FN:116,(anonymous_6)
FN:125,(anonymous_7)
FN:139,(anonymous_8)
FN:143,(anonymous_9)
FN:157,(anonymous_10)
FNF:11
FNH:9
FNDA:1,(anonymous_0)
FNDA:0,(anonymous_1)
FNDA:16,(anonymous_2)
FNDA:3,(anonymous_3)
FNDA:4,(anonymous_4)
FNDA:7,(anonymous_5)
FNDA:6,(anonymous_6)
FNDA:3,(anonymous_7)
FNDA:0,(anonymous_8)
FNDA:3,(anonymous_9)
FNDA:16,(anonymous_10)
DA:12,1
DA:16,1
DA:17,1
DA:18,0
DA:23,16
DA:24,1
DA:26,16
DA:31,3
DA:32,3
DA:34,0
DA:35,0
DA:36,0
DA:39,3
DA:44,3
DA:45,3
DA:46,2
DA:47,0
DA:49,3
DA:50,3
DA:51,3
DA:56,4
DA:57,1
DA:61,3
DA:62,3
DA:64,0
DA:65,0
DA:68,3
DA:73,3
DA:74,3
DA:75,2
DA:76,0
DA:78,3
DA:79,3
DA:80,3
DA:85,7
DA:86,7
DA:87,7
DA:89,6
DA:92,6
DA:93,1
DA:94,1
DA:97,5
DA:98,5
DA:99,5
DA:100,0
DA:101,0
DA:103,5
DA:104,0
DA:106,5
DA:107,5
DA:110,0
DA:111,0
DA:112,0
DA:117,6
DA:118,6
DA:120,2
DA:121,2
DA:126,3
DA:127,3
DA:130,0
DA:131,0
DA:132,0
DA:134,0
DA:135,0
DA:140,0
DA:144,3
DA:145,3
DA:148,0
DA:149,0
DA:150,0
DA:152,0
DA:153,0
DA:158,16
DA:159,16
DA:160,16
DA:162,0
DA:163,0
LF:77
LH:50
BRDA:23,0,0,1
BRDA:23,0,1,15
BRDA:56,1,0,1
BRDA:56,1,1,3
BRDA:87,2,0,1
BRDA:87,2,1,6
BRDA:92,3,0,1
BRDA:92,3,1,5
BRDA:92,4,0,6
BRDA:92,4,1,5
BRDA:99,5,0,0
BRDA:99,5,1,5
BRDA:126,6,0,3
BRDA:126,6,1,0
BRDA:144,7,0,3
BRDA:144,7,1,0
BRF:16
BRH:13
end_of_record
TN:
SF:src\services\Web3Service.ts
FN:27,(anonymous_0)
FN:32,(anonymous_1)
FN:58,(anonymous_2)
FN:70,(anonymous_3)
FN:89,(anonymous_4)
FN:98,(anonymous_5)
FN:104,(anonymous_6)
FN:113,(anonymous_7)
FNF:8
FNH:0
FNDA:0,(anonymous_0)
FNDA:0,(anonymous_1)
FNDA:0,(anonymous_2)
FNDA:0,(anonymous_3)
FNDA:0,(anonymous_4)
FNDA:0,(anonymous_5)
FNDA:0,(anonymous_6)
FNDA:0,(anonymous_7)
DA:5,0
DA:28,0
DA:29,0
DA:33,0
DA:34,0
DA:35,0
DA:41,0
DA:49,0
DA:50,0
DA:51,0
DA:53,0
DA:54,0
DA:59,0
DA:60,0
DA:61,0
DA:62,0
DA:63,0
DA:65,0
DA:66,0
DA:76,0
DA:77,0
DA:78,0
DA:79,0
DA:80,0
DA:81,0
DA:82,0
DA:84,0
DA:85,0
DA:90,0
DA:91,0
DA:92,0
DA:94,0
DA:99,0
DA:100,0
DA:101,0
DA:102,0
DA:103,0
DA:104,0
DA:105,0
DA:109,0
DA:114,0
LF:41
LH:0
BRDA:101,0,0,0
BRDA:101,0,1,0
BRF:2
BRH:0
end_of_record
